<?xml version="1.0" encoding="UTF-8"?>
<!-- Generated by org.testng.reporters.JUnitXMLReporter -->
<testsuite ignored="0" hostname="Tejaswini" failures="1" tests="1" name="Test2" time="0.024" errors="0" timestamp="2023-03-30T19:11:52 IST">
  <testcase classname="mavenforjenkins.UITest" name="startBrowser" time="0.0">
    <failure type="org.testng.TestNGException" message="
Parameter &amp;apos;Browser&amp;apos; is required by @Test on method startBrowser but has not been marked @Optional or defined
in C:\Users\91995\praveen-devops-classes\maven-updated-project\testng.xml">
      <![CDATA[org.testng.TestNGException: 
Parameter 'Browser' is required by @Test on method startBrowser but has not been marked @Optional or defined
in C:\Users\91995\praveen-devops-classes\maven-updated-project\testng.xml
at java.base/java.util.ArrayList.forEach(ArrayList.java:1511)
... Removed 30 stack frames]]>
    </failure>
  </testcase> <!-- startBrowser -->
</testsuite> <!-- Test2 -->
